<?xml version="1.0" encoding="utf-8"?>
<testsuites>
	<testsuite name="POST /user/:id/settings/linked-accounts/jellyfin/quickconnect" time="0.694881" disabled="0" errors="0" tests="2" failures="0" skipped="0" timestamp="2026-09-01T12:21:52.852Z" hostname="PC">
		<testcase name="links the account when the media server is Jellyfin" time="0.261767" classname="test" file="C:\workspace\seerr-age-restriction\server\routes\user\usersettings.test.ts"/>
		<testcase name="returns 403 when the media server is Emby" time="0.241426" classname="test" file="C:\workspace\seerr-age-restriction\server\routes\user\usersettings.test.ts"/>
	</testsuite>
	<testsuite name="POST /user/:id/settings/main parental limits" time="0.469337" disabled="0" errors="0" tests="2" failures="0" skipped="0" timestamp="2026-09-01T12:21:53.546Z" hostname="PC">
		<testcase name="lets an admin set parental limits on their own account" time="0.233138" classname="test" file="C:\workspace\seerr-age-restriction\server\routes\user\usersettings.test.ts"/>
		<testcase name="ignores parental limits sent by a non-admin editing themselves" time="0.235917" classname="test" file="C:\workspace\seerr-age-restriction\server\routes\user\usersettings.test.ts"/>
	</testsuite>
	<!-- tests 4 -->
	<!-- suites 2 -->
	<!-- pass 4 -->
	<!-- fail 0 -->
	<!-- cancelled 0 -->
	<!-- skipped 0 -->
	<!-- todo 0 -->
	<!-- duration_ms 6145.8288 -->
</testsuites>
