<?xml version="1.0" encoding="utf-8"?>
<testsuites>
	<testsuite name="RadarrAPI removeMovie" time="0.004798" disabled="0" errors="0" tests="6" failures="0" skipped="0" timestamp="2026-09-01T09:58:08.772Z" hostname="PC">
		<testcase name="removes the movie when it exists in the library" time="0.002031" classname="test" file="C:\workspace\seerr-age-restriction\server\api\servarr\radarr.test.ts"/>
		<testcase name="does nothing when the movie is not in the library" time="0.000557" classname="test" file="C:\workspace\seerr-age-restriction\server\api\servarr\radarr.test.ts"/>
		<testcase name="rejects when the tmdbId is unknown to the lookup" time="0.000508" classname="test" file="C:\workspace\seerr-age-restriction\server\api\servarr\radarr.test.ts"/>
		<testcase name="ignores a 404 when the movie was already removed in Radarr" time="0.000374" classname="test" file="C:\workspace\seerr-age-restriction\server\api\servarr\radarr.test.ts"/>
		<testcase name="rethrows errors other than 404" time="0.000362" classname="test" file="C:\workspace\seerr-age-restriction\server\api\servarr\radarr.test.ts"/>
		<testcase name="rethrows a 404 from the lookup instead of treating it as removed" time="0.000334" classname="test" file="C:\workspace\seerr-age-restriction\server\api\servarr\radarr.test.ts"/>
	</testsuite>
	<testsuite name="RadarrAPI getMovieByTmdbId" time="0.000955" disabled="0" errors="0" tests="2" failures="0" skipped="0" timestamp="2026-09-01T09:58:08.778Z" hostname="PC">
		<testcase name="rethrows a 401 from the lookup with the status intact" time="0.000342" classname="test" file="C:\workspace\seerr-age-restriction\server\api\servarr\radarr.test.ts"/>
		<testcase name="throws &amp;quot;Movie not found&amp;quot; when the lookup returns no results" time="0.000437" classname="test" file="C:\workspace\seerr-age-restriction\server\api\servarr\radarr.test.ts"/>
	</testsuite>
	<testsuite name="SonarrAPI removeSeries" time="0.004935" disabled="0" errors="0" tests="6" failures="0" skipped="0" timestamp="2026-09-01T09:58:11.230Z" hostname="PC">
		<testcase name="removes the series when it exists in the library" time="0.002044" classname="test" file="C:\workspace\seerr-age-restriction\server\api\servarr\sonarr.test.ts"/>
		<testcase name="does nothing when the series is not in the library" time="0.000613" classname="test" file="C:\workspace\seerr-age-restriction\server\api\servarr\sonarr.test.ts"/>
		<testcase name="rejects when the tvdbId is unknown to the lookup" time="0.000538" classname="test" file="C:\workspace\seerr-age-restriction\server\api\servarr\sonarr.test.ts"/>
		<testcase name="ignores a 404 when the series was already removed in Sonarr" time="0.000366" classname="test" file="C:\workspace\seerr-age-restriction\server\api\servarr\sonarr.test.ts"/>
		<testcase name="rethrows errors other than 404" time="0.000400" classname="test" file="C:\workspace\seerr-age-restriction\server\api\servarr\sonarr.test.ts"/>
		<testcase name="rethrows a 404 from the lookup instead of treating it as removed" time="0.000332" classname="test" file="C:\workspace\seerr-age-restriction\server\api\servarr\sonarr.test.ts"/>
	</testsuite>
	<testsuite name="SonarrAPI getSeriesByTvdbId" time="0.000959" disabled="0" errors="0" tests="2" failures="0" skipped="0" timestamp="2026-09-01T09:58:11.235Z" hostname="PC">
		<testcase name="rethrows a 401 from the lookup with the status intact" time="0.000351" classname="test" file="C:\workspace\seerr-age-restriction\server\api\servarr\sonarr.test.ts"/>
		<testcase name="throws &amp;quot;Series not found&amp;quot; when the lookup returns no results" time="0.000435" classname="test" file="C:\workspace\seerr-age-restriction\server\api\servarr\sonarr.test.ts"/>
	</testsuite>
	<testsuite name="AvailabilitySync" time="2.647880" disabled="0" errors="0" tests="8" failures="0" skipped="0" timestamp="2026-09-01T09:58:15.864Z" hostname="PC">
		<testsuite name="TV season availability - Jellyfin" time="0.615806" disabled="0" errors="0" tests="5" failures="0" skipped="0" timestamp="2026-09-01T09:58:16.145Z" hostname="PC">
			<testcase name="should mark deleted seasons as DELETED when only some seasons exist in Jellyfin and Sonarr" time="0.194309" classname="test" file="C:\workspace\seerr-age-restriction\server\lib\availabilitySync.test.ts"/>
			<testcase name="should still mark deleted seasons when externalServiceId is null (no Sonarr link)" time="0.197628" classname="test" file="C:\workspace\seerr-age-restriction\server\lib\availabilitySync.test.ts"/>
			<testcase name="should mark deleted seasons even when Jellyfin returns empty season metadata entries (real-world behavior)" time="0.078508" classname="test" file="C:\workspace\seerr-age-restriction\server\lib\availabilitySync.test.ts"/>
			<testcase name="should assume season exists when getEpisodes fails (safe fallback)" time="0.069253" classname="test" file="C:\workspace\seerr-age-restriction\server\lib\availabilitySync.test.ts"/>
			<testcase name="should mark show as PARTIALLY_AVAILABLE when some seasons are available and some are unknown" time="0.075147" classname="test" file="C:\workspace\seerr-age-restriction\server\lib\availabilitySync.test.ts"/>
		</testsuite>
		<testsuite name="TV season availability - Plex" time="0.350509" disabled="0" errors="0" tests="4" failures="0" skipped="0" timestamp="2026-09-01T09:58:16.760Z" hostname="PC">
			<testcase name="should mark deleted seasons when Plex returns empty season metadata entries" time="0.091330" classname="test" file="C:\workspace\seerr-age-restriction\server\lib\availabilitySync.test.ts"/>
			<testcase name="should mark a deleted show as DELETED when a second standard Sonarr instance has a colliding externalServiceId" time="0.091761" classname="test" file="C:\workspace\seerr-age-restriction\server\lib\availabilitySync.test.ts"/>
			<testcase name="should assume season exists when getChildrenMetadata fails for episodes (safe fallback)" time="0.088124" classname="test" file="C:\workspace\seerr-age-restriction\server\lib\availabilitySync.test.ts"/>
			<testcase name="should mark deleted seasons when only some seasons have episodes in Plex (no Sonarr link)" time="0.078685" classname="test" file="C:\workspace\seerr-age-restriction\server\lib\availabilitySync.test.ts"/>
		</testsuite>
		<testsuite name="movie availability - Radarr" time="0.041017" disabled="0" errors="0" tests="1" failures="0" skipped="0" timestamp="2026-09-01T09:58:17.111Z" hostname="PC">
			<testcase name="should mark a deleted movie as DELETED when a second standard Radarr instance has a colliding externalServiceId" time="0.040842" classname="test" file="C:\workspace\seerr-age-restriction\server\lib\availabilitySync.test.ts"/>
		</testsuite>
		<testsuite name="movie availability - Plex 4K detection" time="0.199274" disabled="0" errors="0" tests="5" failures="0" skipped="0" timestamp="2026-09-01T09:58:17.152Z" hostname="PC">
			<testcase name="should keep the 4K status when both statuses share a Plex item that has a 4K version (merged versions)" time="0.043201" classname="test" file="C:\workspace\seerr-age-restriction\server\lib\availabilitySync.test.ts"/>
			<testcase name="should still remove a stale 4K status when the shared Plex item has no 4K version" time="0.039184" classname="test" file="C:\workspace\seerr-age-restriction\server\lib\availabilitySync.test.ts"/>
			<testcase name="should keep a 4K-only movie referenced only by ratingKey4k" time="0.036440" classname="test" file="C:\workspace\seerr-age-restriction\server\lib\availabilitySync.test.ts"/>
			<testcase name="should not remove a 4K movie when Plex has not yet analyzed the file (empty Media array)" time="0.034570" classname="test" file="C:\workspace\seerr-age-restriction\server\lib\availabilitySync.test.ts"/>
			<testcase name="should remove the non-4K status when the shared Plex item only has a 4K version left" time="0.045499" classname="test" file="C:\workspace\seerr-age-restriction\server\lib\availabilitySync.test.ts"/>
		</testsuite>
		<testsuite name="movie deletion metadata handling" time="0.090084" disabled="0" errors="0" tests="2" failures="0" skipped="0" timestamp="2026-09-01T09:58:17.351Z" hostname="PC">
			<testcase name="should keep service metadata when deleting a 4K movie with an approved 4K request in flight" time="0.046875" classname="test" file="C:\workspace\seerr-age-restriction\server\lib\availabilitySync.test.ts"/>
			<testcase name="should null service metadata when deleting a 4K movie with no open request" time="0.042940" classname="test" file="C:\workspace\seerr-age-restriction\server\lib\availabilitySync.test.ts"/>
		</testsuite>
		<testsuite name="movie availability - scan-disabled servers" time="0.037961" disabled="0" errors="0" tests="1" failures="0" skipped="0" timestamp="2026-09-01T09:58:17.442Z" hostname="PC">
			<testcase name="should count a configured but scan-disabled 4K Radarr server as existence evidence" time="0.037802" classname="test" file="C:\workspace\seerr-age-restriction\server\lib\availabilitySync.test.ts"/>
		</testsuite>
		<testsuite name="show availability - merged Plex versions" time="0.716976" disabled="0" errors="0" tests="4" failures="0" skipped="0" timestamp="2026-09-01T09:58:17.480Z" hostname="PC">
			<testcase name="should remove a stale 4K season status when the shared item has no 4K episodes for that season" time="0.200071" classname="test" file="C:\workspace\seerr-age-restriction\server\lib\availabilitySync.test.ts"/>
			<testcase name="should remove a stale non-4K season status when the shared item only has 4K episodes for that season" time="0.170128" classname="test" file="C:\workspace\seerr-age-restriction\server\lib\availabilitySync.test.ts"/>
			<testcase name="should keep a non-4K season with only 4K episodes when no 4K Sonarr server is configured" time="0.172928" classname="test" file="C:\workspace\seerr-age-restriction\server\lib\availabilitySync.test.ts"/>
			<testcase name="should not remove the 4K show status when episode metadata cannot be fetched for any season" time="0.173490" classname="test" file="C:\workspace\seerr-age-restriction\server\lib\availabilitySync.test.ts"/>
		</testsuite>
		<testsuite name="specials season handling" time="0.315367" disabled="0" errors="0" tests="3" failures="0" skipped="0" timestamp="2026-09-01T09:58:18.196Z" hostname="PC">
			<testcase name="should not demote an available show when only the specials season is missing (Jellyfin)" time="0.073808" classname="test" file="C:\workspace\seerr-age-restriction\server\lib\availabilitySync.test.ts"/>
			<testcase name="should not demote an available show when only the specials season is missing (Plex)" time="0.059477" classname="test" file="C:\workspace\seerr-age-restriction\server\lib\availabilitySync.test.ts"/>
			<testcase name="should mark a removed specials season as DELETED without demoting the show (Jellyfin)" time="0.181617" classname="test" file="C:\workspace\seerr-age-restriction\server\lib\availabilitySync.test.ts"/>
		</testsuite>
	</testsuite>
	<testsuite name="fskFromAge" time="0.000816" disabled="0" errors="0" tests="1" failures="0" skipped="0" timestamp="2026-09-01T09:58:20.616Z" hostname="PC">
		<testcase name="maps age to FSK tiers" time="0.000361" classname="test" file="C:\workspace\seerr-age-restriction\server\lib\parentalRatings.test.ts"/>
	</testsuite>
	<testsuite name="getEffectiveMaxRating" time="0.000815" disabled="0" errors="0" tests="3" failures="0" skipped="0" timestamp="2026-09-01T09:58:20.617Z" hostname="PC">
		<testcase name="derives the cap from date of birth" time="0.000376" classname="test" file="C:\workspace\seerr-age-restriction\server\lib\parentalRatings.test.ts"/>
		<testcase name="uses the explicit override and the stricter of both" time="0.000141" classname="test" file="C:\workspace\seerr-age-restriction\server\lib\parentalRatings.test.ts"/>
		<testcase name="returns null (unrestricted) when nothing is set" time="0.000106" classname="test" file="C:\workspace\seerr-age-restriction\server\lib\parentalRatings.test.ts"/>
	</testsuite>
	<testsuite name="extractCertNumber" time="0.000692" disabled="0" errors="0" tests="3" failures="0" skipped="0" timestamp="2026-09-01T09:58:20.617Z" hostname="PC">
		<testcase name="takes the max DE certification from movie release_dates" time="0.000270" classname="test" file="C:\workspace\seerr-age-restriction\server\lib\parentalRatings.test.ts"/>
		<testcase name="parses TV content_ratings" time="0.000127" classname="test" file="C:\workspace\seerr-age-restriction\server\lib\parentalRatings.test.ts"/>
		<testcase name="returns null when the country or rating is unknown" time="0.000118" classname="test" file="C:\workspace\seerr-age-restriction\server\lib\parentalRatings.test.ts"/>
	</testsuite>
	<testsuite name="isOverCap" time="0.000222" disabled="0" errors="0" tests="1" failures="0" skipped="0" timestamp="2026-09-01T09:58:20.618Z" hostname="PC">
		<testcase name="fails closed on unknown and allows the boundary" time="0.000107" classname="test" file="C:\workspace\seerr-age-restriction\server\lib\parentalRatings.test.ts"/>
	</testsuite>
	<testsuite name="capToCertification" time="0.001034" disabled="0" errors="0" tests="2" failures="0" skipped="0" timestamp="2026-09-01T09:58:20.617Z" hostname="PC">
		<testcase name="resolves the exact TMDB cert string for the cap" time="0.000322" classname="test" file="C:\workspace\seerr-age-restriction\server\lib\parentalRatings.test.ts"/>
		<testcase name="rejects when no certification covers the cap" time="0.000620" classname="test" file="C:\workspace\seerr-age-restriction\server\lib\parentalRatings.test.ts"/>
	</testsuite>
	<testsuite name="Jellyfin Scanner" time="12.446778" disabled="0" errors="0" tests="1" failures="0" skipped="0" timestamp="2026-09-01T09:58:25.023Z" hostname="PC">
		<testsuite name="empty TMDB season handling" time="12.180703" disabled="0" errors="0" tests="3" failures="0" skipped="0" timestamp="2026-09-01T09:58:25.289Z" hostname="PC">
			<testcase name="should mark show as available when all non-empty TMDB seasons are fully scanned and an empty placeholder season exists in the DB" time="4.075266" classname="test" file="C:\workspace\seerr-age-restriction\server\lib\scanners\jellyfin\jellyfin.test.ts"/>
			<testcase name="should mark show as available when an orphan UNKNOWN season exists in the DB but not in TMDB" time="4.049675" classname="test" file="C:\workspace\seerr-age-restriction\server\lib\scanners\jellyfin\jellyfin.test.ts"/>
			<testcase name="should keep show partially available when a season missing from TMDB was previously available" time="4.054973" classname="test" file="C:\workspace\seerr-age-restriction\server\lib\scanners\jellyfin\jellyfin.test.ts"/>
		</testsuite>
	</testsuite>
	<testsuite name="Radarr Scanner" time="61.156080" disabled="0" errors="0" tests="4" failures="0" skipped="0" timestamp="2026-09-01T09:58:41.635Z" hostname="PC">
		<testsuite name="unmonitored movie handling" time="24.310417" disabled="0" errors="0" tests="6" failures="0" skipped="0" timestamp="2026-09-01T09:58:41.880Z" hostname="PC">
			<testcase name="resets PROCESSING to UNKNOWN when movie is unmonitored and has no file" time="4.051572" classname="test" file="C:\workspace\seerr-age-restriction\server\lib\scanners\radarr\radarr.test.ts"/>
			<testcase name="does not create new media entry when movie is unmonitored and has no file" time="4.049809" classname="test" file="C:\workspace\seerr-age-restriction\server\lib\scanners\radarr\radarr.test.ts"/>
			<testcase name="sets AVAILABLE when movie has a file" time="4.061890" classname="test" file="C:\workspace\seerr-age-restriction\server\lib\scanners\radarr\radarr.test.ts"/>
			<testcase name="sets PROCESSING when movie is monitored but has no file" time="4.045930" classname="test" file="C:\workspace\seerr-age-restriction\server\lib\scanners\radarr\radarr.test.ts"/>
			<testcase name="preserves DELETED status when movie is monitored but has no file" time="4.040533" classname="test" file="C:\workspace\seerr-age-restriction\server\lib\scanners\radarr\radarr.test.ts"/>
			<testcase name="keeps AVAILABLE status even when movie is unmonitored" time="4.059664" classname="test" file="C:\workspace\seerr-age-restriction\server\lib\scanners\radarr\radarr.test.ts"/>
		</testsuite>
		<testsuite name="orphaned movie cleanup" time="16.293982" disabled="0" errors="0" tests="6" failures="0" skipped="0" timestamp="2026-09-01T09:59:06.191Z" hostname="PC">
			<testcase name="skips cleanup when a standard server has sync disabled" time="0.036779" classname="test" file="C:\workspace\seerr-age-restriction\server\lib\scanners\radarr\radarr.test.ts"/>
			<testcase name="resets PROCESSING to UNKNOWN when movie is not in any Radarr server" time="4.058860" classname="test" file="C:\workspace\seerr-age-restriction\server\lib\scanners\radarr\radarr.test.ts"/>
			<testcase name="does not reset AVAILABLE movie when missing from Radarr" time="0.035653" classname="test" file="C:\workspace\seerr-age-restriction\server\lib\scanners\radarr\radarr.test.ts"/>
			<testcase name="does not reset PROCESSING movie that still exists in Radarr" time="4.045109" classname="test" file="C:\workspace\seerr-age-restriction\server\lib\scanners\radarr\radarr.test.ts"/>
			<testcase name="does not reset TV media that is missing from Radarr" time="0.045985" classname="test" file="C:\workspace\seerr-age-restriction\server\lib\scanners\radarr\radarr.test.ts"/>
			<testcase name="only resets orphaned movies not found across all servers" time="8.070958" classname="test" file="C:\workspace\seerr-age-restriction\server\lib\scanners\radarr\radarr.test.ts"/>
		</testsuite>
		<testsuite name="4k orphaned movie cleanup" time="4.077605" disabled="0" errors="0" tests="2" failures="0" skipped="0" timestamp="2026-09-01T09:59:22.485Z" hostname="PC">
			<testcase name="resets 4k PROCESSING to UNKNOWN when movie is not in any Radarr server" time="4.049807" classname="test" file="C:\workspace\seerr-age-restriction\server\lib\scanners\radarr\radarr.test.ts"/>
			<testcase name="does not reset 4k AVAILABLE when movie is missing from Radarr" time="0.027570" classname="test" file="C:\workspace\seerr-age-restriction\server\lib\scanners\radarr\radarr.test.ts"/>
		</testsuite>
		<testsuite name="orphaned request handling" time="16.229276" disabled="0" errors="0" tests="5" failures="0" skipped="0" timestamp="2026-09-01T09:59:26.562Z" hostname="PC">
			<testcase name="declines the approved request and resets media to UNKNOWN when the movie is orphaned" time="4.051119" classname="test" file="C:\workspace\seerr-age-restriction\server\lib\scanners\radarr\radarr.test.ts"/>
			<testcase name="does not decline the request when the movie still exists in Radarr" time="4.043856" classname="test" file="C:\workspace\seerr-age-restriction\server\lib\scanners\radarr\radarr.test.ts"/>
			<testcase name="skips cleanup and leaves the request approved when Radarr returns an empty list" time="0.040337" classname="test" file="C:\workspace\seerr-age-restriction\server\lib\scanners\radarr\radarr.test.ts"/>
			<testcase name="declineOrphanedRequests throws when the requests relation is not loaded" time="0.031494" classname="test" file="C:\workspace\seerr-age-restriction\server\lib\scanners\radarr\radarr.test.ts"/>
			<testcase name="declines only the 4k request when the 4k dimension is orphaned but standard still exists" time="8.062005" classname="test" file="C:\workspace\seerr-age-restriction\server\lib\scanners\radarr\radarr.test.ts"/>
		</testsuite>
	</testsuite>
	<testsuite name="Sonarr Scanner" time="49.148396" disabled="0" errors="0" tests="3" failures="0" skipped="0" timestamp="2026-09-01T09:59:46.910Z" hostname="PC">
		<testsuite name="orphaned show cleanup" time="24.515351" disabled="0" errors="0" tests="8" failures="0" skipped="0" timestamp="2026-09-01T09:59:47.114Z" hostname="PC">
			<testcase name="skips cleanup when a standard server has sync disabled" time="0.037944" classname="test" file="C:\workspace\seerr-age-restriction\server\lib\scanners\sonarr\sonarr.test.ts"/>
			<testcase name="resets PROCESSING to UNKNOWN when show is not in any Sonarr server" time="4.046392" classname="test" file="C:\workspace\seerr-age-restriction\server\lib\scanners\sonarr\sonarr.test.ts"/>
			<testcase name="does not reset AVAILABLE show when missing from Sonarr" time="0.029325" classname="test" file="C:\workspace\seerr-age-restriction\server\lib\scanners\sonarr\sonarr.test.ts"/>
			<testcase name="does not reset PROCESSING show that still exists in Sonarr" time="4.148051" classname="test" file="C:\workspace\seerr-age-restriction\server\lib\scanners\sonarr\sonarr.test.ts"/>
			<testcase name="only resets season statuses that are PROCESSING on orphaned shows" time="4.049054" classname="test" file="C:\workspace\seerr-age-restriction\server\lib\scanners\sonarr\sonarr.test.ts"/>
			<testcase name="does not reset movie media that is missing from Sonarr" time="0.029101" classname="test" file="C:\workspace\seerr-age-restriction\server\lib\scanners\sonarr\sonarr.test.ts"/>
			<testcase name="only resets orphaned shows not found across all servers" time="8.135027" classname="test" file="C:\workspace\seerr-age-restriction\server\lib\scanners\sonarr\sonarr.test.ts"/>
			<testcase name="skips shows without a tvdbId during cleanup" time="4.039358" classname="test" file="C:\workspace\seerr-age-restriction\server\lib\scanners\sonarr\sonarr.test.ts"/>
		</testsuite>
		<testsuite name="4k orphaned show cleanup" time="8.076238" disabled="0" errors="0" tests="2" failures="0" skipped="0" timestamp="2026-09-01T10:00:11.629Z" hostname="PC">
			<testcase name="resets 4k PROCESSING to UNKNOWN when show is not in any Sonarr server" time="4.034008" classname="test" file="C:\workspace\seerr-age-restriction\server\lib\scanners\sonarr\sonarr.test.ts"/>
			<testcase name="does not reset 4k AVAILABLE season when show is orphaned" time="4.041936" classname="test" file="C:\workspace\seerr-age-restriction\server\lib\scanners\sonarr\sonarr.test.ts"/>
		</testsuite>
		<testsuite name="orphaned request handling" time="16.352837" disabled="0" errors="0" tests="5" failures="0" skipped="0" timestamp="2026-09-01T10:00:19.706Z" hostname="PC">
			<testcase name="declines the approved request and resets the show to UNKNOWN when orphaned" time="4.059266" classname="test" file="C:\workspace\seerr-age-restriction\server\lib\scanners\sonarr\sonarr.test.ts"/>
			<testcase name="does not decline the request when the show still exists in Sonarr" time="4.123191" classname="test" file="C:\workspace\seerr-age-restriction\server\lib\scanners\sonarr\sonarr.test.ts"/>
			<testcase name="skips cleanup and leaves the request approved when Sonarr returns an empty list" time="0.036353" classname="test" file="C:\workspace\seerr-age-restriction\server\lib\scanners\sonarr\sonarr.test.ts"/>
			<testcase name="declineOrphanedRequests throws when the requests relation is not loaded" time="0.033834" classname="test" file="C:\workspace\seerr-age-restriction\server\lib\scanners\sonarr\sonarr.test.ts"/>
			<testcase name="declines only the 4k request when the 4k dimension is orphaned but standard still exists" time="8.099722" classname="test" file="C:\workspace\seerr-age-restriction\server\lib\scanners\sonarr\sonarr.test.ts"/>
		</testsuite>
	</testsuite>
	<testsuite name="WatchlistSync re-request gating" time="0.294229" disabled="0" errors="0" tests="2" failures="0" skipped="0" timestamp="2026-09-01T10:00:40.030Z" hostname="PC">
		<testcase name="re-requests DELETED watchlist items and skips non-requestable ones" time="0.045223" classname="test" file="C:\workspace\seerr-age-restriction\server\lib\watchlistsync.test.ts"/>
		<testcase name="re-requests DELETED watchlist items even when a stale auto-request exists" time="0.043653" classname="test" file="C:\workspace\seerr-age-restriction\server\lib\watchlistsync.test.ts"/>
	</testsuite>
	<testsuite name="POST /auth/jellyfin/quickconnect/initiate" time="0.364952" disabled="0" errors="0" tests="4" failures="0" skipped="0" timestamp="2026-09-01T10:00:45.398Z" hostname="PC">
		<testcase name="returns code and secret on success" time="0.043606" classname="test" file="C:\workspace\seerr-age-restriction\server\routes\auth.test.ts"/>
		<testcase name="returns 403 when the media server is Emby" time="0.033224" classname="test" file="C:\workspace\seerr-age-restriction\server\routes\auth.test.ts"/>
		<testcase name="returns 500 when Jellyfin API fails" time="0.045059" classname="test" file="C:\workspace\seerr-age-restriction\server\routes\auth.test.ts"/>
		<testcase name="returns 500 when initiateQuickConnect throws ApiError" time="0.032239" classname="test" file="C:\workspace\seerr-age-restriction\server\routes\auth.test.ts"/>
	</testsuite>
	<testsuite name="GET /auth/jellyfin/quickconnect/check" time="0.259781" disabled="0" errors="0" tests="8" failures="0" skipped="0" timestamp="2026-09-01T10:00:45.763Z" hostname="PC">
		<testcase name="returns authenticated: false when not yet authorized" time="0.032843" classname="test" file="C:\workspace\seerr-age-restriction\server\routes\auth.test.ts"/>
		<testcase name="returns authenticated: true when authorized" time="0.032642" classname="test" file="C:\workspace\seerr-age-restriction\server\routes\auth.test.ts"/>
		<testcase name="returns 400 when secret is missing" time="0.033924" classname="test" file="C:\workspace\seerr-age-restriction\server\routes\auth.test.ts"/>
		<testcase name="returns 400 when secret is too short" time="0.031631" classname="test" file="C:\workspace\seerr-age-restriction\server\routes\auth.test.ts"/>
		<testcase name="returns 400 when secret is too long" time="0.037973" classname="test" file="C:\workspace\seerr-age-restriction\server\routes\auth.test.ts"/>
		<testcase name="returns 400 when secret contains non-hex characters" time="0.030679" classname="test" file="C:\workspace\seerr-age-restriction\server\routes\auth.test.ts"/>
		<testcase name="returns 403 when the media server is Emby" time="0.029696" classname="test" file="C:\workspace\seerr-age-restriction\server\routes\auth.test.ts"/>
		<testcase name="returns error when Jellyfin API fails" time="0.029726" classname="test" file="C:\workspace\seerr-age-restriction\server\routes\auth.test.ts"/>
	</testsuite>
	<testsuite name="POST /auth/jellyfin/quickconnect/authenticate" time="0.450249" disabled="0" errors="0" tests="13" failures="0" skipped="0" timestamp="2026-09-01T10:00:46.023Z" hostname="PC">
		<testcase name="returns 400 when secret is missing" time="0.040779" classname="test" file="C:\workspace\seerr-age-restriction\server\routes\auth.test.ts"/>
		<testcase name="returns 400 when secret is not a string" time="0.038048" classname="test" file="C:\workspace\seerr-age-restriction\server\routes\auth.test.ts"/>
		<testcase name="returns 400 when secret is too short" time="0.030445" classname="test" file="C:\workspace\seerr-age-restriction\server\routes\auth.test.ts"/>
		<testcase name="returns 400 when secret contains non-hex characters" time="0.029229" classname="test" file="C:\workspace\seerr-age-restriction\server\routes\auth.test.ts"/>
		<testcase name="returns 403 when media server is not configured" time="0.030471" classname="test" file="C:\workspace\seerr-age-restriction\server\routes\auth.test.ts"/>
		<testcase name="returns 403 when no users exist in the database" time="0.031353" classname="test" file="C:\workspace\seerr-age-restriction\server\routes\auth.test.ts"/>
		<testcase name="signs in an existing Jellyfin user and sets session" time="0.045400" classname="test" file="C:\workspace\seerr-age-restriction\server\routes\auth.test.ts"/>
		<testcase name="creates a new user when newPlexLogin is enabled and user does not exist" time="0.041420" classname="test" file="C:\workspace\seerr-age-restriction\server\routes\auth.test.ts"/>
		<testcase name="returns 403 when the media server is Emby" time="0.029107" classname="test" file="C:\workspace\seerr-age-restriction\server\routes\auth.test.ts"/>
		<testcase name="applies default permissions to newly created users" time="0.031302" classname="test" file="C:\workspace\seerr-age-restriction\server\routes\auth.test.ts"/>
		<testcase name="returns 403 when newPlexLogin is disabled and user does not exist" time="0.031667" classname="test" file="C:\workspace\seerr-age-restriction\server\routes\auth.test.ts"/>
		<testcase name="returns error when Jellyfin authenticateQuickConnect fails" time="0.030241" classname="test" file="C:\workspace\seerr-age-restriction\server\routes\auth.test.ts"/>
		<testcase name="returns 500 when Jellyfin throws a generic error" time="0.040049" classname="test" file="C:\workspace\seerr-age-restriction\server\routes\auth.test.ts"/>
	</testsuite>
	<testsuite name="GET /auth/me" time="0.515079" disabled="0" errors="0" tests="3" failures="0" skipped="0" timestamp="2026-09-01T10:00:46.472Z" hostname="PC">
		<testcase name="returns 403 when not authenticated" time="0.053156" classname="test" file="C:\workspace\seerr-age-restriction\server\routes\auth.test.ts"/>
		<testcase name="returns the authenticated user" time="0.229379" classname="test" file="C:\workspace\seerr-age-restriction\server\routes\auth.test.ts"/>
		<testcase name="includes userEmailRequired warning when email is required but invalid" time="0.232295" classname="test" file="C:\workspace\seerr-age-restriction\server\routes\auth.test.ts"/>
	</testsuite>
	<testsuite name="POST /auth/local" time="1.226738" disabled="0" errors="0" tests="9" failures="0" skipped="0" timestamp="2026-09-01T10:00:46.988Z" hostname="PC">
		<testcase name="returns 200 and user data on valid credentials" time="0.223750" classname="test" file="C:\workspace\seerr-age-restriction\server\routes\auth.test.ts"/>
		<testcase name="returns 403 on wrong password" time="0.220137" classname="test" file="C:\workspace\seerr-age-restriction\server\routes\auth.test.ts"/>
		<testcase name="returns 403 for nonexistent user" time="0.029692" classname="test" file="C:\workspace\seerr-age-restriction\server\routes\auth.test.ts"/>
		<testcase name="returns 500 when local login is disabled" time="0.035402" classname="test" file="C:\workspace\seerr-age-restriction\server\routes\auth.test.ts"/>
		<testcase name="returns 500 when email is missing" time="0.026051" classname="test" file="C:\workspace\seerr-age-restriction\server\routes\auth.test.ts"/>
		<testcase name="returns 500 when password is missing" time="0.027643" classname="test" file="C:\workspace\seerr-age-restriction\server\routes\auth.test.ts"/>
		<testcase name="is case-insensitive for email" time="0.219681" classname="test" file="C:\workspace\seerr-age-restriction\server\routes\auth.test.ts"/>
		<testcase name="allows the non-admin user to log in" time="0.218017" classname="test" file="C:\workspace\seerr-age-restriction\server\routes\auth.test.ts"/>
		<testcase name="sets a session on successful login" time="0.225845" classname="test" file="C:\workspace\seerr-age-restriction\server\routes\auth.test.ts"/>
	</testsuite>
	<testsuite name="POST /auth/logout" time="0.262828" disabled="0" errors="0" tests="2" failures="0" skipped="0" timestamp="2026-09-01T10:00:48.215Z" hostname="PC">
		<testcase name="returns 200 when not logged in" time="0.037085" classname="test" file="C:\workspace\seerr-age-restriction\server\routes\auth.test.ts"/>
		<testcase name="destroys session and returns 200 when logged in" time="0.225565" classname="test" file="C:\workspace\seerr-age-restriction\server\routes\auth.test.ts"/>
	</testsuite>
	<testsuite name="POST /auth/reset-password" time="0.135820" disabled="0" errors="0" tests="4" failures="0" skipped="0" timestamp="2026-09-01T10:00:48.478Z" hostname="PC">
		<testcase name="returns 200 for a valid email" time="0.036317" classname="test" file="C:\workspace\seerr-age-restriction\server\routes\auth.test.ts"/>
		<testcase name="returns 200 for nonexistent email (does not reveal user existence)" time="0.029570" classname="test" file="C:\workspace\seerr-age-restriction\server\routes\auth.test.ts"/>
		<testcase name="returns 500 when email is missing" time="0.027558" classname="test" file="C:\workspace\seerr-age-restriction\server\routes\auth.test.ts"/>
		<testcase name="sets a resetPasswordGuid on the user" time="0.042059" classname="test" file="C:\workspace\seerr-age-restriction\server\routes\auth.test.ts"/>
	</testsuite>
	<testsuite name="POST /auth/reset-password/:guid" time="0.995229" disabled="0" errors="0" tests="6" failures="0" skipped="0" timestamp="2026-09-01T10:00:48.613Z" hostname="PC">
		<testcase name="resets password with a valid guid and password" time="0.623798" classname="test" file="C:\workspace\seerr-age-restriction\server\routes\auth.test.ts"/>
		<testcase name="returns 500 for an invalid guid" time="0.033447" classname="test" file="C:\workspace\seerr-age-restriction\server\routes\auth.test.ts"/>
		<testcase name="returns 500 when password is too short" time="0.035115" classname="test" file="C:\workspace\seerr-age-restriction\server\routes\auth.test.ts"/>
		<testcase name="returns 500 when password is missing" time="0.033076" classname="test" file="C:\workspace\seerr-age-restriction\server\routes\auth.test.ts"/>
		<testcase name="returns 500 for an expired recovery link" time="0.044123" classname="test" file="C:\workspace\seerr-age-restriction\server\routes\auth.test.ts"/>
		<testcase name="cannot reuse a guid after successful reset" time="0.225304" classname="test" file="C:\workspace\seerr-age-restriction\server\routes\auth.test.ts"/>
	</testsuite>
	<testsuite name="POST /issue" time="1.466557" disabled="0" errors="0" tests="5" failures="0" skipped="0" timestamp="2026-09-01T10:00:54.565Z" hostname="PC">
		<testcase name="creates an issue on behalf of the supplied userId" time="0.271137" classname="test" file="C:\workspace\seerr-age-restriction\server\routes\issue.test.ts"/>
		<testcase name="defaults to the authenticated user when userId is omitted" time="0.262576" classname="test" file="C:\workspace\seerr-age-restriction\server\routes\issue.test.ts"/>
		<testcase name="allows creators to supply their own userId" time="0.251911" classname="test" file="C:\workspace\seerr-age-restriction\server\routes\issue.test.ts"/>
		<testcase name="prevents non-managers from supplying another userId" time="0.236622" classname="test" file="C:\workspace\seerr-age-restriction\server\routes\issue.test.ts"/>
		<testcase name="returns 404 when the supplied userId does not exist" time="0.231622" classname="test" file="C:\workspace\seerr-age-restriction\server\routes\issue.test.ts"/>
	</testsuite>
	<testsuite name="DELETE /request/:requestId" time="1.434285" disabled="0" errors="0" tests="5" failures="0" skipped="0" timestamp="2026-09-01T10:01:00.917Z" hostname="PC">
		<testcase name="allows the owner to delete their own pending request" time="0.266819" classname="test" file="C:\workspace\seerr-age-restriction\server\routes\request.test.ts"/>
		<testcase name="allows an admin to delete any pending request" time="0.242205" classname="test" file="C:\workspace\seerr-age-restriction\server\routes\request.test.ts"/>
		<testcase name="prevents a non-owner non-admin from deleting a pending request" time="0.233035" classname="test" file="C:\workspace\seerr-age-restriction\server\routes\request.test.ts"/>
		<testcase name="prevents the owner from deleting an approved request" time="0.241807" classname="test" file="C:\workspace\seerr-age-restriction\server\routes\request.test.ts"/>
		<testcase name="returns 404 for a non-existent request" time="0.229431" classname="test" file="C:\workspace\seerr-age-restriction\server\routes\request.test.ts"/>
	</testsuite>
	<testsuite name="PUT /request/:requestId (movie)" time="0.480124" disabled="0" errors="0" tests="2" failures="0" skipped="0" timestamp="2026-09-01T10:01:02.351Z" hostname="PC">
		<testcase name="persists server and root folder changes to the database" time="0.244213" classname="test" file="C:\workspace\seerr-age-restriction\server\routes\request.test.ts"/>
		<testcase name="refuses to modify a request that is no longer pending" time="0.235572" classname="test" file="C:\workspace\seerr-age-restriction\server\routes\request.test.ts"/>
	</testsuite>
	<testsuite name="POST /request/:requestId/:status" time="1.193500" disabled="0" errors="0" tests="5" failures="0" skipped="0" timestamp="2026-09-01T10:01:02.831Z" hostname="PC">
		<testcase name="transitions to approved and records the acting user" time="0.242783" classname="test" file="C:\workspace\seerr-age-restriction\server\routes\request.test.ts"/>
		<testcase name="transitions to declined and records the acting user" time="0.240623" classname="test" file="C:\workspace\seerr-age-restriction\server\routes\request.test.ts"/>
		<testcase name="rejects a status the route does not define" time="0.242063" classname="test" file="C:\workspace\seerr-age-restriction\server\routes\request.test.ts"/>
		<testcase name="refuses to act on a request that is no longer pending" time="0.232036" classname="test" file="C:\workspace\seerr-age-restriction\server\routes\request.test.ts"/>
		<testcase name="rejects the removed pending verb even on a non-pending request" time="0.235578" classname="test" file="C:\workspace\seerr-age-restriction\server\routes\request.test.ts"/>
	</testsuite>
	<testsuite name="POST /request/:requestId/retry" time="0.464420" disabled="0" errors="0" tests="2" failures="0" skipped="0" timestamp="2026-09-01T10:01:04.025Z" hostname="PC">
		<testcase name="re-approves a failed request and records the acting user" time="0.233477" classname="test" file="C:\workspace\seerr-age-restriction\server\routes\request.test.ts"/>
		<testcase name="refuses to retry a request that has not failed" time="0.230742" classname="test" file="C:\workspace\seerr-age-restriction\server\routes\request.test.ts"/>
	</testsuite>
	<testsuite name="DELETE /request/:requestId, deleted media status restoration" time="1.452857" disabled="0" errors="0" tests="6" failures="0" skipped="0" timestamp="2026-09-01T10:01:04.490Z" hostname="PC">
		<testcase name="restores media status to DELETED when the re-request is deleted and a stale completed request remains" time="0.247615" classname="test" file="C:\workspace\seerr-age-restriction\server\routes\request.test.ts"/>
		<testcase name="restores media status4k to DELETED when the re-request is deleted and a stale completed request remains" time="0.235795" classname="test" file="C:\workspace\seerr-age-restriction\server\routes\request.test.ts"/>
		<testcase name="resets media status to UNKNOWN when the stale completed request is also deleted" time="0.250379" classname="test" file="C:\workspace\seerr-age-restriction\server\routes\request.test.ts"/>
		<testcase name="resets media status4k to UNKNOWN when the stale completed 4K request is also deleted" time="0.246623" classname="test" file="C:\workspace\seerr-age-restriction\server\routes\request.test.ts"/>
		<testcase name="does not reset media status when other active requests still exist" time="0.233837" classname="test" file="C:\workspace\seerr-age-restriction\server\routes\request.test.ts"/>
		<testcase name="does not reset media status when status is PARTIALLY_AVAILABLE and only completed requests remain" time="0.238197" classname="test" file="C:\workspace\seerr-age-restriction\server\routes\request.test.ts"/>
	</testsuite>
	<testsuite name="POST /request (movie), override rules" time="0.682868" disabled="0" errors="0" tests="3" failures="0" skipped="0" timestamp="2026-09-01T10:01:05.943Z" hostname="PC">
		<testcase name="applies an override rule when the default Radarr server id differs from its array index" time="0.229036" classname="test" file="C:\workspace\seerr-age-restriction\server\routes\request.test.ts"/>
		<testcase name="applies an override rule when the default Radarr server id matches its array index (sanity check)" time="0.226852" classname="test" file="C:\workspace\seerr-age-restriction\server\routes\request.test.ts"/>
		<testcase name="does not apply an unrelated override rule when there is no default Radarr server configured" time="0.226743" classname="test" file="C:\workspace\seerr-age-restriction\server\routes\request.test.ts"/>
	</testsuite>
	<testsuite name="POST /request (tv), override rules" time="0.708726" disabled="0" errors="0" tests="3" failures="0" skipped="0" timestamp="2026-09-01T10:01:06.625Z" hostname="PC">
		<testcase name="applies an override rule when the default Sonarr server id differs from its array index" time="0.242224" classname="test" file="C:\workspace\seerr-age-restriction\server\routes\request.test.ts"/>
		<testcase name="applies an override rule when the default Sonarr server id matches its array index (sanity check)" time="0.236468" classname="test" file="C:\workspace\seerr-age-restriction\server\routes\request.test.ts"/>
		<testcase name="does not apply an unrelated override rule when there is no default Sonarr server configured" time="0.229805" classname="test" file="C:\workspace\seerr-age-restriction\server\routes\request.test.ts"/>
	</testsuite>
	<testsuite name="POST /user/:id/settings/linked-accounts/jellyfin/quickconnect" time="0.686953" disabled="0" errors="0" tests="2" failures="0" skipped="0" timestamp="2026-09-01T10:01:12.312Z" hostname="PC">
		<testcase name="links the account when the media server is Jellyfin" time="0.254216" classname="test" file="C:\workspace\seerr-age-restriction\server\routes\user\usersettings.test.ts"/>
		<testcase name="returns 403 when the media server is Emby" time="0.240172" classname="test" file="C:\workspace\seerr-age-restriction\server\routes\user\usersettings.test.ts"/>
	</testsuite>
	<testsuite name="proxy routing (construction-order independence)" time="0.005320" disabled="0" errors="0" tests="2" failures="0" skipped="0" timestamp="2026-09-01T10:01:15.375Z" hostname="PC">
		<testcase name="routes a client constructed BEFORE the proxy was configured" time="0.004166" classname="test" file="C:\workspace\seerr-age-restriction\server\utils\customProxyAgent.test.ts"/>
		<testcase name="routes a client constructed AFTER the proxy was configured" time="0.000631" classname="test" file="C:\workspace\seerr-age-restriction\server\utils\customProxyAgent.test.ts"/>
	</testsuite>
	<testsuite name="test database guard" time="0.001563" disabled="0" errors="0" tests="2" failures="0" skipped="0" timestamp="2026-09-01T10:01:19.341Z" hostname="PC">
		<testcase name="refuses to seed when NODE_ENV is not test" time="0.000827" classname="test" file="C:\workspace\seerr-age-restriction\server\utils\seedTestDb.test.ts"/>
		<testcase name="refuses to reset when NODE_ENV is not test" time="0.000237" classname="test" file="C:\workspace\seerr-age-restriction\server\utils\seedTestDb.test.ts"/>
	</testsuite>
	<testsuite name="outbound user agent" time="0.003415" disabled="0" errors="0" tests="4" failures="0" skipped="0" timestamp="2026-09-01T10:01:21.616Z" hostname="PC">
		<testcase name="identifies the application by name and version" time="0.000460" classname="test" file="C:\workspace\seerr-age-restriction\server\utils\userAgent.test.ts"/>
		<testcase name="is sent by clients built on ExternalAPI" time="0.001770" classname="test" file="C:\workspace\seerr-age-restriction\server\utils\userAgent.test.ts"/>
		<testcase name="is sent on default axios calls" time="0.000262" classname="test" file="C:\workspace\seerr-age-restriction\server\utils\userAgent.test.ts"/>
		<testcase name="does not override a user agent set on the request" time="0.000307" classname="test" file="C:\workspace\seerr-age-restriction\server\utils\userAgent.test.ts"/>
	</testsuite>
	<!-- tests 180 -->
	<!-- suites 50 -->
	<!-- pass 180 -->
	<!-- fail 0 -->
	<!-- cancelled 0 -->
	<!-- skipped 0 -->
	<!-- todo 0 -->
	<!-- duration_ms 195313.9967 -->
</testsuites>
